DEPRECATION WARNING: warning: white_list_sanitizer isdeprecated, please use safe_list_sanitizer instead. (called from block in <module:ContentHelper> at /Users/dungluu/.rvm/gems/ruby-2.6.3/gems/actiontext-6.0.0.rc2/app/helpers/action_text/content_helper.rb:7)
Started GET "/" for ::1 at 2019-08-08 07:31:22 +0700
  [1m[35m (3.1ms)[0m  [1m[34mSELECT sqlite_version(*)[0m
Processing by Rails::WelcomeController#index as HTML
  Rendering /Users/dungluu/.rvm/gems/ruby-2.6.3/gems/railties-6.0.0.rc2/lib/rails/templates/rails/welcome/index.html.erb
  Rendered /Users/dungluu/.rvm/gems/ruby-2.6.3/gems/railties-6.0.0.rc2/lib/rails/templates/rails/welcome/index.html.erb (Duration: 9.1ms | Allocations: 482)
Completed 200 OK in 27ms (Views: 17.2ms | ActiveRecord: 0.0ms | Allocations: 3641)


Started GET "/" for ::1 at 2019-08-08 07:36:15 +0700
Processing by Rails::WelcomeController#index as HTML
  Rendering /Users/dungluu/.rvm/gems/ruby-2.6.3/gems/railties-6.0.0.rc2/lib/rails/templates/rails/welcome/index.html.erb
  Rendered /Users/dungluu/.rvm/gems/ruby-2.6.3/gems/railties-6.0.0.rc2/lib/rails/templates/rails/welcome/index.html.erb (Duration: 6.5ms | Allocations: 192)
Completed 200 OK in 10ms (Views: 8.1ms | ActiveRecord: 0.0ms | Allocations: 823)


Started GET "/" for ::1 at 2019-08-08 07:36:15 +0700
Processing by Rails::WelcomeController#index as HTML
  Rendering /Users/dungluu/.rvm/gems/ruby-2.6.3/gems/railties-6.0.0.rc2/lib/rails/templates/rails/welcome/index.html.erb
  Rendered /Users/dungluu/.rvm/gems/ruby-2.6.3/gems/railties-6.0.0.rc2/lib/rails/templates/rails/welcome/index.html.erb (Duration: 0.2ms | Allocations: 7)
Completed 200 OK in 1ms (Views: 0.6ms | ActiveRecord: 0.0ms | Allocations: 328)


Started GET "/" for ::1 at 2019-08-08 07:36:16 +0700
Processing by Rails::WelcomeController#index as HTML
  Rendering /Users/dungluu/.rvm/gems/ruby-2.6.3/gems/railties-6.0.0.rc2/lib/rails/templates/rails/welcome/index.html.erb
  Rendered /Users/dungluu/.rvm/gems/ruby-2.6.3/gems/railties-6.0.0.rc2/lib/rails/templates/rails/welcome/index.html.erb (Duration: 0.4ms | Allocations: 8)
Completed 200 OK in 2ms (Views: 0.9ms | ActiveRecord: 0.0ms | Allocations: 330)


Started GET "/" for ::1 at 2019-08-08 07:36:16 +0700
Processing by Rails::WelcomeController#index as HTML
  Rendering /Users/dungluu/.rvm/gems/ruby-2.6.3/gems/railties-6.0.0.rc2/lib/rails/templates/rails/welcome/index.html.erb
  Rendered /Users/dungluu/.rvm/gems/ruby-2.6.3/gems/railties-6.0.0.rc2/lib/rails/templates/rails/welcome/index.html.erb (Duration: 0.2ms | Allocations: 7)
Completed 200 OK in 1ms (Views: 0.6ms | ActiveRecord: 0.0ms | Allocations: 327)


Started GET "/" for ::1 at 2019-08-08 07:36:16 +0700
Processing by Rails::WelcomeController#index as HTML
  Rendering /Users/dungluu/.rvm/gems/ruby-2.6.3/gems/railties-6.0.0.rc2/lib/rails/templates/rails/welcome/index.html.erb
  Rendered /Users/dungluu/.rvm/gems/ruby-2.6.3/gems/railties-6.0.0.rc2/lib/rails/templates/rails/welcome/index.html.erb (Duration: 0.3ms | Allocations: 7)
Completed 200 OK in 1ms (Views: 0.8ms | ActiveRecord: 0.0ms | Allocations: 327)


Started GET "/" for ::1 at 2019-08-08 07:36:17 +0700
Processing by Rails::WelcomeController#index as HTML
  Rendering /Users/dungluu/.rvm/gems/ruby-2.6.3/gems/railties-6.0.0.rc2/lib/rails/templates/rails/welcome/index.html.erb
  Rendered /Users/dungluu/.rvm/gems/ruby-2.6.3/gems/railties-6.0.0.rc2/lib/rails/templates/rails/welcome/index.html.erb (Duration: 0.2ms | Allocations: 8)
Completed 200 OK in 1ms (Views: 0.5ms | ActiveRecord: 0.0ms | Allocations: 330)


Started GET "/" for ::1 at 2019-08-08 07:36:17 +0700
Processing by Rails::WelcomeController#index as HTML
  Rendering /Users/dungluu/.rvm/gems/ruby-2.6.3/gems/railties-6.0.0.rc2/lib/rails/templates/rails/welcome/index.html.erb
  Rendered /Users/dungluu/.rvm/gems/ruby-2.6.3/gems/railties-6.0.0.rc2/lib/rails/templates/rails/welcome/index.html.erb (Duration: 0.3ms | Allocations: 8)
Completed 200 OK in 1ms (Views: 0.7ms | ActiveRecord: 0.0ms | Allocations: 330)


Started GET "/" for ::1 at 2019-08-08 07:36:18 +0700
Processing by Rails::WelcomeController#index as HTML
  Rendering /Users/dungluu/.rvm/gems/ruby-2.6.3/gems/railties-6.0.0.rc2/lib/rails/templates/rails/welcome/index.html.erb
  Rendered /Users/dungluu/.rvm/gems/ruby-2.6.3/gems/railties-6.0.0.rc2/lib/rails/templates/rails/welcome/index.html.erb (Duration: 0.3ms | Allocations: 7)
Completed 200 OK in 1ms (Views: 0.6ms | ActiveRecord: 0.0ms | Allocations: 327)


DEPRECATION WARNING: warning: white_list_sanitizer isdeprecated, please use safe_list_sanitizer instead. (called from block in <module:ContentHelper> at /Users/dungluu/.rvm/gems/ruby-2.6.3/gems/actiontext-6.0.0.rc2/app/helpers/action_text/content_helper.rb:7)
Started GET "/gen204?invalidResponse=q=https%3A%2F%2Ftranslate.googleapis.com%2Ftranslate_a%2Fsingle%3Fclient%3Dgtx%26s,ql=143,r=,rl=0" for ::1 at 2019-08-08 07:52:46 +0700
  
ActiveRecord::ConnectionNotEstablished (No connection pool with 'primary' found.):
  
activerecord (6.0.0.rc2) lib/active_record/connection_adapters/abstract/connection_pool.rb:1102:in `retrieve_connection'
activerecord (6.0.0.rc2) lib/active_record/connection_handling.rb:231:in `retrieve_connection'
activerecord (6.0.0.rc2) lib/active_record/connection_handling.rb:199:in `connection'
activerecord (6.0.0.rc2) lib/active_record/migration.rb:562:in `call'
actionpack (6.0.0.rc2) lib/action_dispatch/middleware/callbacks.rb:27:in `block in call'
activesupport (6.0.0.rc2) lib/active_support/callbacks.rb:101:in `run_callbacks'
actionpack (6.0.0.rc2) lib/action_dispatch/middleware/callbacks.rb:26:in `call'
actionpack (6.0.0.rc2) lib/action_dispatch/middleware/executor.rb:14:in `call'
actionpack (6.0.0.rc2) lib/action_dispatch/middleware/actionable_exceptions.rb:17:in `call'
actionpack (6.0.0.rc2) lib/action_dispatch/middleware/debug_exceptions.rb:32:in `call'
web-console (4.0.0) lib/web_console/middleware.rb:132:in `call_app'
web-console (4.0.0) lib/web_console/middleware.rb:28:in `block in call'
web-console (4.0.0) lib/web_console/middleware.rb:17:in `catch'
web-console (4.0.0) lib/web_console/middleware.rb:17:in `call'
actionpack (6.0.0.rc2) lib/action_dispatch/middleware/show_exceptions.rb:33:in `call'
railties (6.0.0.rc2) lib/rails/rack/logger.rb:38:in `call_app'
railties (6.0.0.rc2) lib/rails/rack/logger.rb:26:in `block in call'
activesupport (6.0.0.rc2) lib/active_support/tagged_logging.rb:80:in `block in tagged'
activesupport (6.0.0.rc2) lib/active_support/tagged_logging.rb:28:in `tagged'
activesupport (6.0.0.rc2) lib/active_support/tagged_logging.rb:80:in `tagged'
railties (6.0.0.rc2) lib/rails/rack/logger.rb:26:in `call'
sprockets-rails (3.2.1) lib/sprockets/rails/quiet_assets.rb:13:in `call'
actionpack (6.0.0.rc2) lib/action_dispatch/middleware/remote_ip.rb:81:in `call'
actionpack (6.0.0.rc2) lib/action_dispatch/middleware/request_id.rb:27:in `call'
rack (2.0.7) lib/rack/method_override.rb:22:in `call'
rack (2.0.7) lib/rack/runtime.rb:22:in `call'
activesupport (6.0.0.rc2) lib/active_support/cache/strategy/local_cache_middleware.rb:29:in `call'
actionpack (6.0.0.rc2) lib/action_dispatch/middleware/executor.rb:14:in `call'
actionpack (6.0.0.rc2) lib/action_dispatch/middleware/static.rb:126:in `call'
rack (2.0.7) lib/rack/sendfile.rb:111:in `call'
actionpack (6.0.0.rc2) lib/action_dispatch/middleware/host_authorization.rb:83:in `call'
webpacker (4.0.7) lib/webpacker/dev_server_proxy.rb:29:in `perform_request'
rack-proxy (0.6.5) lib/rack/proxy.rb:57:in `call'
railties (6.0.0.rc2) lib/rails/engine.rb:526:in `call'
puma (3.12.1) lib/puma/configuration.rb:227:in `call'
puma (3.12.1) lib/puma/server.rb:660:in `handle_request'
puma (3.12.1) lib/puma/server.rb:474:in `process_client'
puma (3.12.1) lib/puma/server.rb:334:in `block in run'
puma (3.12.1) lib/puma/thread_pool.rb:135:in `block in spawn_thread'
Started GET "/gen204?invalidResponse=q=https%3A%2F%2Ftranslate.googleapis.com%2Ftranslate_a%2Fsingle%3Fclient%3Dgtx%26s,ql=269,r=,rl=0" for ::1 at 2019-08-08 07:53:17 +0700
  
ActiveRecord::ConnectionNotEstablished (No connection pool with 'primary' found.):
  
activerecord (6.0.0.rc2) lib/active_record/connection_adapters/abstract/connection_pool.rb:1102:in `retrieve_connection'
activerecord (6.0.0.rc2) lib/active_record/connection_handling.rb:231:in `retrieve_connection'
activerecord (6.0.0.rc2) lib/active_record/connection_handling.rb:199:in `connection'
activerecord (6.0.0.rc2) lib/active_record/migration.rb:562:in `call'
actionpack (6.0.0.rc2) lib/action_dispatch/middleware/callbacks.rb:27:in `block in call'
activesupport (6.0.0.rc2) lib/active_support/callbacks.rb:101:in `run_callbacks'
actionpack (6.0.0.rc2) lib/action_dispatch/middleware/callbacks.rb:26:in `call'
actionpack (6.0.0.rc2) lib/action_dispatch/middleware/executor.rb:14:in `call'
actionpack (6.0.0.rc2) lib/action_dispatch/middleware/actionable_exceptions.rb:17:in `call'
actionpack (6.0.0.rc2) lib/action_dispatch/middleware/debug_exceptions.rb:32:in `call'
web-console (4.0.0) lib/web_console/middleware.rb:132:in `call_app'
web-console (4.0.0) lib/web_console/middleware.rb:28:in `block in call'
web-console (4.0.0) lib/web_console/middleware.rb:17:in `catch'
web-console (4.0.0) lib/web_console/middleware.rb:17:in `call'
actionpack (6.0.0.rc2) lib/action_dispatch/middleware/show_exceptions.rb:33:in `call'
railties (6.0.0.rc2) lib/rails/rack/logger.rb:38:in `call_app'
railties (6.0.0.rc2) lib/rails/rack/logger.rb:26:in `block in call'
activesupport (6.0.0.rc2) lib/active_support/tagged_logging.rb:80:in `block in tagged'
activesupport (6.0.0.rc2) lib/active_support/tagged_logging.rb:28:in `tagged'
activesupport (6.0.0.rc2) lib/active_support/tagged_logging.rb:80:in `tagged'
railties (6.0.0.rc2) lib/rails/rack/logger.rb:26:in `call'
sprockets-rails (3.2.1) lib/sprockets/rails/quiet_assets.rb:13:in `call'
actionpack (6.0.0.rc2) lib/action_dispatch/middleware/remote_ip.rb:81:in `call'
actionpack (6.0.0.rc2) lib/action_dispatch/middleware/request_id.rb:27:in `call'
rack (2.0.7) lib/rack/method_override.rb:22:in `call'
rack (2.0.7) lib/rack/runtime.rb:22:in `call'
activesupport (6.0.0.rc2) lib/active_support/cache/strategy/local_cache_middleware.rb:29:in `call'
actionpack (6.0.0.rc2) lib/action_dispatch/middleware/executor.rb:14:in `call'
actionpack (6.0.0.rc2) lib/action_dispatch/middleware/static.rb:126:in `call'
rack (2.0.7) lib/rack/sendfile.rb:111:in `call'
actionpack (6.0.0.rc2) lib/action_dispatch/middleware/host_authorization.rb:83:in `call'
webpacker (4.0.7) lib/webpacker/dev_server_proxy.rb:29:in `perform_request'
rack-proxy (0.6.5) lib/rack/proxy.rb:57:in `call'
railties (6.0.0.rc2) lib/rails/engine.rb:526:in `call'
puma (3.12.1) lib/puma/configuration.rb:227:in `call'
puma (3.12.1) lib/puma/server.rb:660:in `handle_request'
puma (3.12.1) lib/puma/server.rb:474:in `process_client'
puma (3.12.1) lib/puma/server.rb:334:in `block in run'
puma (3.12.1) lib/puma/thread_pool.rb:135:in `block in spawn_thread'
DEPRECATION WARNING: warning: white_list_sanitizer isdeprecated, please use safe_list_sanitizer instead. (called from block in <module:ContentHelper> at /Users/dungluu/.rvm/gems/ruby-2.6.3/gems/actiontext-6.0.0.rc2/app/helpers/action_text/content_helper.rb:7)
Started GET "/" for ::1 at 2019-08-08 08:01:33 +0700
  
Mysql2::Error::ConnectionError (Access denied for user 'root'@'localhost' (using password: YES)):
  
mysql2 (0.5.2) lib/mysql2/client.rb:90:in `connect'
mysql2 (0.5.2) lib/mysql2/client.rb:90:in `initialize'
activerecord (6.0.0.rc2) lib/active_record/connection_adapters/mysql2_adapter.rb:24:in `new'
activerecord (6.0.0.rc2) lib/active_record/connection_adapters/mysql2_adapter.rb:24:in `mysql2_connection'
activerecord (6.0.0.rc2) lib/active_record/connection_adapters/abstract/connection_pool.rb:879:in `new_connection'
activerecord (6.0.0.rc2) lib/active_record/connection_adapters/abstract/connection_pool.rb:923:in `checkout_new_connection'
activerecord (6.0.0.rc2) lib/active_record/connection_adapters/abstract/connection_pool.rb:902:in `try_to_checkout_new_connection'
activerecord (6.0.0.rc2) lib/active_record/connection_adapters/abstract/connection_pool.rb:863:in `acquire_connection'
activerecord (6.0.0.rc2) lib/active_record/connection_adapters/abstract/connection_pool.rb:587:in `checkout'
activerecord (6.0.0.rc2) lib/active_record/connection_adapters/abstract/connection_pool.rb:431:in `connection'
activerecord (6.0.0.rc2) lib/active_record/connection_adapters/abstract/connection_pool.rb:1106:in `retrieve_connection'
activerecord (6.0.0.rc2) lib/active_record/connection_handling.rb:231:in `retrieve_connection'
activerecord (6.0.0.rc2) lib/active_record/connection_handling.rb:199:in `connection'
activerecord (6.0.0.rc2) lib/active_record/migration.rb:562:in `call'
actionpack (6.0.0.rc2) lib/action_dispatch/middleware/callbacks.rb:27:in `block in call'
activesupport (6.0.0.rc2) lib/active_support/callbacks.rb:101:in `run_callbacks'
actionpack (6.0.0.rc2) lib/action_dispatch/middleware/callbacks.rb:26:in `call'
actionpack (6.0.0.rc2) lib/action_dispatch/middleware/executor.rb:14:in `call'
actionpack (6.0.0.rc2) lib/action_dispatch/middleware/actionable_exceptions.rb:17:in `call'
actionpack (6.0.0.rc2) lib/action_dispatch/middleware/debug_exceptions.rb:32:in `call'
web-console (4.0.0) lib/web_console/middleware.rb:132:in `call_app'
web-console (4.0.0) lib/web_console/middleware.rb:28:in `block in call'
web-console (4.0.0) lib/web_console/middleware.rb:17:in `catch'
web-console (4.0.0) lib/web_console/middleware.rb:17:in `call'
actionpack (6.0.0.rc2) lib/action_dispatch/middleware/show_exceptions.rb:33:in `call'
railties (6.0.0.rc2) lib/rails/rack/logger.rb:38:in `call_app'
railties (6.0.0.rc2) lib/rails/rack/logger.rb:26:in `block in call'
activesupport (6.0.0.rc2) lib/active_support/tagged_logging.rb:80:in `block in tagged'
activesupport (6.0.0.rc2) lib/active_support/tagged_logging.rb:28:in `tagged'
activesupport (6.0.0.rc2) lib/active_support/tagged_logging.rb:80:in `tagged'
railties (6.0.0.rc2) lib/rails/rack/logger.rb:26:in `call'
sprockets-rails (3.2.1) lib/sprockets/rails/quiet_assets.rb:13:in `call'
actionpack (6.0.0.rc2) lib/action_dispatch/middleware/remote_ip.rb:81:in `call'
actionpack (6.0.0.rc2) lib/action_dispatch/middleware/request_id.rb:27:in `call'
rack (2.0.7) lib/rack/method_override.rb:22:in `call'
rack (2.0.7) lib/rack/runtime.rb:22:in `call'
activesupport (6.0.0.rc2) lib/active_support/cache/strategy/local_cache_middleware.rb:29:in `call'
actionpack (6.0.0.rc2) lib/action_dispatch/middleware/executor.rb:14:in `call'
actionpack (6.0.0.rc2) lib/action_dispatch/middleware/static.rb:126:in `call'
rack (2.0.7) lib/rack/sendfile.rb:111:in `call'
actionpack (6.0.0.rc2) lib/action_dispatch/middleware/host_authorization.rb:83:in `call'
webpacker (4.0.7) lib/webpacker/dev_server_proxy.rb:29:in `perform_request'
rack-proxy (0.6.5) lib/rack/proxy.rb:57:in `call'
railties (6.0.0.rc2) lib/rails/engine.rb:526:in `call'
puma (3.12.1) lib/puma/configuration.rb:227:in `call'
puma (3.12.1) lib/puma/server.rb:660:in `handle_request'
puma (3.12.1) lib/puma/server.rb:474:in `process_client'
puma (3.12.1) lib/puma/server.rb:334:in `block in run'
puma (3.12.1) lib/puma/thread_pool.rb:135:in `block in spawn_thread'
Started GET "/" for ::1 at 2019-08-08 08:02:00 +0700
  
Mysql2::Error::ConnectionError (Access denied for user 'root'@'localhost' (using password: YES)):
  
mysql2 (0.5.2) lib/mysql2/client.rb:90:in `connect'
mysql2 (0.5.2) lib/mysql2/client.rb:90:in `initialize'
activerecord (6.0.0.rc2) lib/active_record/connection_adapters/mysql2_adapter.rb:24:in `new'
activerecord (6.0.0.rc2) lib/active_record/connection_adapters/mysql2_adapter.rb:24:in `mysql2_connection'
activerecord (6.0.0.rc2) lib/active_record/connection_adapters/abstract/connection_pool.rb:879:in `new_connection'
activerecord (6.0.0.rc2) lib/active_record/connection_adapters/abstract/connection_pool.rb:923:in `checkout_new_connection'
activerecord (6.0.0.rc2) lib/active_record/connection_adapters/abstract/connection_pool.rb:902:in `try_to_checkout_new_connection'
activerecord (6.0.0.rc2) lib/active_record/connection_adapters/abstract/connection_pool.rb:863:in `acquire_connection'
activerecord (6.0.0.rc2) lib/active_record/connection_adapters/abstract/connection_pool.rb:587:in `checkout'
activerecord (6.0.0.rc2) lib/active_record/connection_adapters/abstract/connection_pool.rb:431:in `connection'
activerecord (6.0.0.rc2) lib/active_record/connection_adapters/abstract/connection_pool.rb:1106:in `retrieve_connection'
activerecord (6.0.0.rc2) lib/active_record/connection_handling.rb:231:in `retrieve_connection'
activerecord (6.0.0.rc2) lib/active_record/connection_handling.rb:199:in `connection'
activerecord (6.0.0.rc2) lib/active_record/migration.rb:562:in `call'
actionpack (6.0.0.rc2) lib/action_dispatch/middleware/callbacks.rb:27:in `block in call'
activesupport (6.0.0.rc2) lib/active_support/callbacks.rb:101:in `run_callbacks'
actionpack (6.0.0.rc2) lib/action_dispatch/middleware/callbacks.rb:26:in `call'
actionpack (6.0.0.rc2) lib/action_dispatch/middleware/executor.rb:14:in `call'
actionpack (6.0.0.rc2) lib/action_dispatch/middleware/actionable_exceptions.rb:17:in `call'
actionpack (6.0.0.rc2) lib/action_dispatch/middleware/debug_exceptions.rb:32:in `call'
web-console (4.0.0) lib/web_console/middleware.rb:132:in `call_app'
web-console (4.0.0) lib/web_console/middleware.rb:28:in `block in call'
web-console (4.0.0) lib/web_console/middleware.rb:17:in `catch'
web-console (4.0.0) lib/web_console/middleware.rb:17:in `call'
actionpack (6.0.0.rc2) lib/action_dispatch/middleware/show_exceptions.rb:33:in `call'
railties (6.0.0.rc2) lib/rails/rack/logger.rb:38:in `call_app'
railties (6.0.0.rc2) lib/rails/rack/logger.rb:26:in `block in call'
activesupport (6.0.0.rc2) lib/active_support/tagged_logging.rb:80:in `block in tagged'
activesupport (6.0.0.rc2) lib/active_support/tagged_logging.rb:28:in `tagged'
activesupport (6.0.0.rc2) lib/active_support/tagged_logging.rb:80:in `tagged'
railties (6.0.0.rc2) lib/rails/rack/logger.rb:26:in `call'
sprockets-rails (3.2.1) lib/sprockets/rails/quiet_assets.rb:13:in `call'
actionpack (6.0.0.rc2) lib/action_dispatch/middleware/remote_ip.rb:81:in `call'
actionpack (6.0.0.rc2) lib/action_dispatch/middleware/request_id.rb:27:in `call'
rack (2.0.7) lib/rack/method_override.rb:22:in `call'
rack (2.0.7) lib/rack/runtime.rb:22:in `call'
activesupport (6.0.0.rc2) lib/active_support/cache/strategy/local_cache_middleware.rb:29:in `call'
actionpack (6.0.0.rc2) lib/action_dispatch/middleware/executor.rb:14:in `call'
actionpack (6.0.0.rc2) lib/action_dispatch/middleware/static.rb:126:in `call'
rack (2.0.7) lib/rack/sendfile.rb:111:in `call'
actionpack (6.0.0.rc2) lib/action_dispatch/middleware/host_authorization.rb:83:in `call'
webpacker (4.0.7) lib/webpacker/dev_server_proxy.rb:29:in `perform_request'
rack-proxy (0.6.5) lib/rack/proxy.rb:57:in `call'
railties (6.0.0.rc2) lib/rails/engine.rb:526:in `call'
puma (3.12.1) lib/puma/configuration.rb:227:in `call'
puma (3.12.1) lib/puma/server.rb:660:in `handle_request'
puma (3.12.1) lib/puma/server.rb:474:in `process_client'
puma (3.12.1) lib/puma/server.rb:334:in `block in run'
puma (3.12.1) lib/puma/thread_pool.rb:135:in `block in spawn_thread'
Started GET "/" for ::1 at 2019-08-08 08:02:02 +0700
  
Mysql2::Error::ConnectionError (Access denied for user 'root'@'localhost' (using password: YES)):
  
mysql2 (0.5.2) lib/mysql2/client.rb:90:in `connect'
mysql2 (0.5.2) lib/mysql2/client.rb:90:in `initialize'
activerecord (6.0.0.rc2) lib/active_record/connection_adapters/mysql2_adapter.rb:24:in `new'
activerecord (6.0.0.rc2) lib/active_record/connection_adapters/mysql2_adapter.rb:24:in `mysql2_connection'
activerecord (6.0.0.rc2) lib/active_record/connection_adapters/abstract/connection_pool.rb:879:in `new_connection'
activerecord (6.0.0.rc2) lib/active_record/connection_adapters/abstract/connection_pool.rb:923:in `checkout_new_connection'
activerecord (6.0.0.rc2) lib/active_record/connection_adapters/abstract/connection_pool.rb:902:in `try_to_checkout_new_connection'
activerecord (6.0.0.rc2) lib/active_record/connection_adapters/abstract/connection_pool.rb:863:in `acquire_connection'
activerecord (6.0.0.rc2) lib/active_record/connection_adapters/abstract/connection_pool.rb:587:in `checkout'
activerecord (6.0.0.rc2) lib/active_record/connection_adapters/abstract/connection_pool.rb:431:in `connection'
activerecord (6.0.0.rc2) lib/active_record/connection_adapters/abstract/connection_pool.rb:1106:in `retrieve_connection'
activerecord (6.0.0.rc2) lib/active_record/connection_handling.rb:231:in `retrieve_connection'
activerecord (6.0.0.rc2) lib/active_record/connection_handling.rb:199:in `connection'
activerecord (6.0.0.rc2) lib/active_record/migration.rb:562:in `call'
actionpack (6.0.0.rc2) lib/action_dispatch/middleware/callbacks.rb:27:in `block in call'
activesupport (6.0.0.rc2) lib/active_support/callbacks.rb:101:in `run_callbacks'
actionpack (6.0.0.rc2) lib/action_dispatch/middleware/callbacks.rb:26:in `call'
actionpack (6.0.0.rc2) lib/action_dispatch/middleware/executor.rb:14:in `call'
actionpack (6.0.0.rc2) lib/action_dispatch/middleware/actionable_exceptions.rb:17:in `call'
actionpack (6.0.0.rc2) lib/action_dispatch/middleware/debug_exceptions.rb:32:in `call'
web-console (4.0.0) lib/web_console/middleware.rb:132:in `call_app'
web-console (4.0.0) lib/web_console/middleware.rb:28:in `block in call'
web-console (4.0.0) lib/web_console/middleware.rb:17:in `catch'
web-console (4.0.0) lib/web_console/middleware.rb:17:in `call'
actionpack (6.0.0.rc2) lib/action_dispatch/middleware/show_exceptions.rb:33:in `call'
railties (6.0.0.rc2) lib/rails/rack/logger.rb:38:in `call_app'
railties (6.0.0.rc2) lib/rails/rack/logger.rb:26:in `block in call'
activesupport (6.0.0.rc2) lib/active_support/tagged_logging.rb:80:in `block in tagged'
activesupport (6.0.0.rc2) lib/active_support/tagged_logging.rb:28:in `tagged'
activesupport (6.0.0.rc2) lib/active_support/tagged_logging.rb:80:in `tagged'
railties (6.0.0.rc2) lib/rails/rack/logger.rb:26:in `call'
sprockets-rails (3.2.1) lib/sprockets/rails/quiet_assets.rb:13:in `call'
actionpack (6.0.0.rc2) lib/action_dispatch/middleware/remote_ip.rb:81:in `call'
actionpack (6.0.0.rc2) lib/action_dispatch/middleware/request_id.rb:27:in `call'
rack (2.0.7) lib/rack/method_override.rb:22:in `call'
rack (2.0.7) lib/rack/runtime.rb:22:in `call'
activesupport (6.0.0.rc2) lib/active_support/cache/strategy/local_cache_middleware.rb:29:in `call'
actionpack (6.0.0.rc2) lib/action_dispatch/middleware/executor.rb:14:in `call'
actionpack (6.0.0.rc2) lib/action_dispatch/middleware/static.rb:126:in `call'
rack (2.0.7) lib/rack/sendfile.rb:111:in `call'
actionpack (6.0.0.rc2) lib/action_dispatch/middleware/host_authorization.rb:83:in `call'
webpacker (4.0.7) lib/webpacker/dev_server_proxy.rb:29:in `perform_request'
rack-proxy (0.6.5) lib/rack/proxy.rb:57:in `call'
railties (6.0.0.rc2) lib/rails/engine.rb:526:in `call'
puma (3.12.1) lib/puma/configuration.rb:227:in `call'
puma (3.12.1) lib/puma/server.rb:660:in `handle_request'
puma (3.12.1) lib/puma/server.rb:474:in `process_client'
puma (3.12.1) lib/puma/server.rb:334:in `block in run'
puma (3.12.1) lib/puma/thread_pool.rb:135:in `block in spawn_thread'
Started POST "/__web_console/repl_sessions/4026f37ad2311df51016bd101a34d33b/trace" for ::1 at 2019-08-08 08:02:08 +0700
DEPRECATION WARNING: warning: white_list_sanitizer isdeprecated, please use safe_list_sanitizer instead. (called from block in <module:ContentHelper> at /Users/dungluu/.rvm/gems/ruby-2.6.3/gems/actiontext-6.0.0.rc2/app/helpers/action_text/content_helper.rb:7)
Started GET "/" for ::1 at 2019-08-08 08:19:40 +0700
  
ActiveRecord::NoDatabaseError (Unknown database 'daily_planner_development'):
  
activerecord (6.0.0.rc2) lib/active_record/connection_adapters/mysql2_adapter.rb:28:in `rescue in mysql2_connection'
activerecord (6.0.0.rc2) lib/active_record/connection_adapters/mysql2_adapter.rb:14:in `mysql2_connection'
activerecord (6.0.0.rc2) lib/active_record/connection_adapters/abstract/connection_pool.rb:879:in `new_connection'
activerecord (6.0.0.rc2) lib/active_record/connection_adapters/abstract/connection_pool.rb:923:in `checkout_new_connection'
activerecord (6.0.0.rc2) lib/active_record/connection_adapters/abstract/connection_pool.rb:902:in `try_to_checkout_new_connection'
activerecord (6.0.0.rc2) lib/active_record/connection_adapters/abstract/connection_pool.rb:863:in `acquire_connection'
activerecord (6.0.0.rc2) lib/active_record/connection_adapters/abstract/connection_pool.rb:587:in `checkout'
activerecord (6.0.0.rc2) lib/active_record/connection_adapters/abstract/connection_pool.rb:431:in `connection'
activerecord (6.0.0.rc2) lib/active_record/connection_adapters/abstract/connection_pool.rb:1106:in `retrieve_connection'
activerecord (6.0.0.rc2) lib/active_record/connection_handling.rb:231:in `retrieve_connection'
activerecord (6.0.0.rc2) lib/active_record/connection_handling.rb:199:in `connection'
activerecord (6.0.0.rc2) lib/active_record/migration.rb:562:in `call'
actionpack (6.0.0.rc2) lib/action_dispatch/middleware/callbacks.rb:27:in `block in call'
activesupport (6.0.0.rc2) lib/active_support/callbacks.rb:101:in `run_callbacks'
actionpack (6.0.0.rc2) lib/action_dispatch/middleware/callbacks.rb:26:in `call'
actionpack (6.0.0.rc2) lib/action_dispatch/middleware/executor.rb:14:in `call'
actionpack (6.0.0.rc2) lib/action_dispatch/middleware/actionable_exceptions.rb:17:in `call'
actionpack (6.0.0.rc2) lib/action_dispatch/middleware/debug_exceptions.rb:32:in `call'
web-console (4.0.0) lib/web_console/middleware.rb:132:in `call_app'
web-console (4.0.0) lib/web_console/middleware.rb:28:in `block in call'
web-console (4.0.0) lib/web_console/middleware.rb:17:in `catch'
web-console (4.0.0) lib/web_console/middleware.rb:17:in `call'
actionpack (6.0.0.rc2) lib/action_dispatch/middleware/show_exceptions.rb:33:in `call'
railties (6.0.0.rc2) lib/rails/rack/logger.rb:38:in `call_app'
railties (6.0.0.rc2) lib/rails/rack/logger.rb:26:in `block in call'
activesupport (6.0.0.rc2) lib/active_support/tagged_logging.rb:80:in `block in tagged'
activesupport (6.0.0.rc2) lib/active_support/tagged_logging.rb:28:in `tagged'
activesupport (6.0.0.rc2) lib/active_support/tagged_logging.rb:80:in `tagged'
railties (6.0.0.rc2) lib/rails/rack/logger.rb:26:in `call'
sprockets-rails (3.2.1) lib/sprockets/rails/quiet_assets.rb:13:in `call'
actionpack (6.0.0.rc2) lib/action_dispatch/middleware/remote_ip.rb:81:in `call'
actionpack (6.0.0.rc2) lib/action_dispatch/middleware/request_id.rb:27:in `call'
rack (2.0.7) lib/rack/method_override.rb:22:in `call'
rack (2.0.7) lib/rack/runtime.rb:22:in `call'
activesupport (6.0.0.rc2) lib/active_support/cache/strategy/local_cache_middleware.rb:29:in `call'
actionpack (6.0.0.rc2) lib/action_dispatch/middleware/executor.rb:14:in `call'
actionpack (6.0.0.rc2) lib/action_dispatch/middleware/static.rb:126:in `call'
rack (2.0.7) lib/rack/sendfile.rb:111:in `call'
actionpack (6.0.0.rc2) lib/action_dispatch/middleware/host_authorization.rb:83:in `call'
webpacker (4.0.7) lib/webpacker/dev_server_proxy.rb:29:in `perform_request'
rack-proxy (0.6.5) lib/rack/proxy.rb:57:in `call'
railties (6.0.0.rc2) lib/rails/engine.rb:526:in `call'
puma (3.12.1) lib/puma/configuration.rb:227:in `call'
puma (3.12.1) lib/puma/server.rb:660:in `handle_request'
puma (3.12.1) lib/puma/server.rb:474:in `process_client'
puma (3.12.1) lib/puma/server.rb:334:in `block in run'
puma (3.12.1) lib/puma/thread_pool.rb:135:in `block in spawn_thread'
Started GET "/" for ::1 at 2019-08-08 08:19:41 +0700
  
ActiveRecord::NoDatabaseError (Unknown database 'daily_planner_development'):
  
activerecord (6.0.0.rc2) lib/active_record/connection_adapters/mysql2_adapter.rb:28:in `rescue in mysql2_connection'
activerecord (6.0.0.rc2) lib/active_record/connection_adapters/mysql2_adapter.rb:14:in `mysql2_connection'
activerecord (6.0.0.rc2) lib/active_record/connection_adapters/abstract/connection_pool.rb:879:in `new_connection'
activerecord (6.0.0.rc2) lib/active_record/connection_adapters/abstract/connection_pool.rb:923:in `checkout_new_connection'
activerecord (6.0.0.rc2) lib/active_record/connection_adapters/abstract/connection_pool.rb:902:in `try_to_checkout_new_connection'
activerecord (6.0.0.rc2) lib/active_record/connection_adapters/abstract/connection_pool.rb:863:in `acquire_connection'
activerecord (6.0.0.rc2) lib/active_record/connection_adapters/abstract/connection_pool.rb:587:in `checkout'
activerecord (6.0.0.rc2) lib/active_record/connection_adapters/abstract/connection_pool.rb:431:in `connection'
activerecord (6.0.0.rc2) lib/active_record/connection_adapters/abstract/connection_pool.rb:1106:in `retrieve_connection'
activerecord (6.0.0.rc2) lib/active_record/connection_handling.rb:231:in `retrieve_connection'
activerecord (6.0.0.rc2) lib/active_record/connection_handling.rb:199:in `connection'
activerecord (6.0.0.rc2) lib/active_record/migration.rb:562:in `call'
actionpack (6.0.0.rc2) lib/action_dispatch/middleware/callbacks.rb:27:in `block in call'
activesupport (6.0.0.rc2) lib/active_support/callbacks.rb:101:in `run_callbacks'
actionpack (6.0.0.rc2) lib/action_dispatch/middleware/callbacks.rb:26:in `call'
actionpack (6.0.0.rc2) lib/action_dispatch/middleware/executor.rb:14:in `call'
actionpack (6.0.0.rc2) lib/action_dispatch/middleware/actionable_exceptions.rb:17:in `call'
actionpack (6.0.0.rc2) lib/action_dispatch/middleware/debug_exceptions.rb:32:in `call'
web-console (4.0.0) lib/web_console/middleware.rb:132:in `call_app'
web-console (4.0.0) lib/web_console/middleware.rb:28:in `block in call'
web-console (4.0.0) lib/web_console/middleware.rb:17:in `catch'
web-console (4.0.0) lib/web_console/middleware.rb:17:in `call'
actionpack (6.0.0.rc2) lib/action_dispatch/middleware/show_exceptions.rb:33:in `call'
railties (6.0.0.rc2) lib/rails/rack/logger.rb:38:in `call_app'
railties (6.0.0.rc2) lib/rails/rack/logger.rb:26:in `block in call'
activesupport (6.0.0.rc2) lib/active_support/tagged_logging.rb:80:in `block in tagged'
activesupport (6.0.0.rc2) lib/active_support/tagged_logging.rb:28:in `tagged'
activesupport (6.0.0.rc2) lib/active_support/tagged_logging.rb:80:in `tagged'
railties (6.0.0.rc2) lib/rails/rack/logger.rb:26:in `call'
sprockets-rails (3.2.1) lib/sprockets/rails/quiet_assets.rb:13:in `call'
actionpack (6.0.0.rc2) lib/action_dispatch/middleware/remote_ip.rb:81:in `call'
actionpack (6.0.0.rc2) lib/action_dispatch/middleware/request_id.rb:27:in `call'
rack (2.0.7) lib/rack/method_override.rb:22:in `call'
rack (2.0.7) lib/rack/runtime.rb:22:in `call'
activesupport (6.0.0.rc2) lib/active_support/cache/strategy/local_cache_middleware.rb:29:in `call'
actionpack (6.0.0.rc2) lib/action_dispatch/middleware/executor.rb:14:in `call'
actionpack (6.0.0.rc2) lib/action_dispatch/middleware/static.rb:126:in `call'
rack (2.0.7) lib/rack/sendfile.rb:111:in `call'
actionpack (6.0.0.rc2) lib/action_dispatch/middleware/host_authorization.rb:83:in `call'
webpacker (4.0.7) lib/webpacker/dev_server_proxy.rb:29:in `perform_request'
rack-proxy (0.6.5) lib/rack/proxy.rb:57:in `call'
railties (6.0.0.rc2) lib/rails/engine.rb:526:in `call'
puma (3.12.1) lib/puma/configuration.rb:227:in `call'
puma (3.12.1) lib/puma/server.rb:660:in `handle_request'
puma (3.12.1) lib/puma/server.rb:474:in `process_client'
puma (3.12.1) lib/puma/server.rb:334:in `block in run'
puma (3.12.1) lib/puma/thread_pool.rb:135:in `block in spawn_thread'
Started GET "/" for ::1 at 2019-08-08 08:19:42 +0700
  
ActiveRecord::NoDatabaseError (Unknown database 'daily_planner_development'):
  
activerecord (6.0.0.rc2) lib/active_record/connection_adapters/mysql2_adapter.rb:28:in `rescue in mysql2_connection'
activerecord (6.0.0.rc2) lib/active_record/connection_adapters/mysql2_adapter.rb:14:in `mysql2_connection'
activerecord (6.0.0.rc2) lib/active_record/connection_adapters/abstract/connection_pool.rb:879:in `new_connection'
activerecord (6.0.0.rc2) lib/active_record/connection_adapters/abstract/connection_pool.rb:923:in `checkout_new_connection'
activerecord (6.0.0.rc2) lib/active_record/connection_adapters/abstract/connection_pool.rb:902:in `try_to_checkout_new_connection'
activerecord (6.0.0.rc2) lib/active_record/connection_adapters/abstract/connection_pool.rb:863:in `acquire_connection'
activerecord (6.0.0.rc2) lib/active_record/connection_adapters/abstract/connection_pool.rb:587:in `checkout'
activerecord (6.0.0.rc2) lib/active_record/connection_adapters/abstract/connection_pool.rb:431:in `connection'
activerecord (6.0.0.rc2) lib/active_record/connection_adapters/abstract/connection_pool.rb:1106:in `retrieve_connection'
activerecord (6.0.0.rc2) lib/active_record/connection_handling.rb:231:in `retrieve_connection'
activerecord (6.0.0.rc2) lib/active_record/connection_handling.rb:199:in `connection'
activerecord (6.0.0.rc2) lib/active_record/migration.rb:562:in `call'
actionpack (6.0.0.rc2) lib/action_dispatch/middleware/callbacks.rb:27:in `block in call'
activesupport (6.0.0.rc2) lib/active_support/callbacks.rb:101:in `run_callbacks'
actionpack (6.0.0.rc2) lib/action_dispatch/middleware/callbacks.rb:26:in `call'
actionpack (6.0.0.rc2) lib/action_dispatch/middleware/executor.rb:14:in `call'
actionpack (6.0.0.rc2) lib/action_dispatch/middleware/actionable_exceptions.rb:17:in `call'
actionpack (6.0.0.rc2) lib/action_dispatch/middleware/debug_exceptions.rb:32:in `call'
web-console (4.0.0) lib/web_console/middleware.rb:132:in `call_app'
web-console (4.0.0) lib/web_console/middleware.rb:28:in `block in call'
web-console (4.0.0) lib/web_console/middleware.rb:17:in `catch'
web-console (4.0.0) lib/web_console/middleware.rb:17:in `call'
actionpack (6.0.0.rc2) lib/action_dispatch/middleware/show_exceptions.rb:33:in `call'
railties (6.0.0.rc2) lib/rails/rack/logger.rb:38:in `call_app'
railties (6.0.0.rc2) lib/rails/rack/logger.rb:26:in `block in call'
activesupport (6.0.0.rc2) lib/active_support/tagged_logging.rb:80:in `block in tagged'
activesupport (6.0.0.rc2) lib/active_support/tagged_logging.rb:28:in `tagged'
activesupport (6.0.0.rc2) lib/active_support/tagged_logging.rb:80:in `tagged'
railties (6.0.0.rc2) lib/rails/rack/logger.rb:26:in `call'
sprockets-rails (3.2.1) lib/sprockets/rails/quiet_assets.rb:13:in `call'
actionpack (6.0.0.rc2) lib/action_dispatch/middleware/remote_ip.rb:81:in `call'
actionpack (6.0.0.rc2) lib/action_dispatch/middleware/request_id.rb:27:in `call'
rack (2.0.7) lib/rack/method_override.rb:22:in `call'
rack (2.0.7) lib/rack/runtime.rb:22:in `call'
activesupport (6.0.0.rc2) lib/active_support/cache/strategy/local_cache_middleware.rb:29:in `call'
actionpack (6.0.0.rc2) lib/action_dispatch/middleware/executor.rb:14:in `call'
actionpack (6.0.0.rc2) lib/action_dispatch/middleware/static.rb:126:in `call'
rack (2.0.7) lib/rack/sendfile.rb:111:in `call'
actionpack (6.0.0.rc2) lib/action_dispatch/middleware/host_authorization.rb:83:in `call'
webpacker (4.0.7) lib/webpacker/dev_server_proxy.rb:29:in `perform_request'
rack-proxy (0.6.5) lib/rack/proxy.rb:57:in `call'
railties (6.0.0.rc2) lib/rails/engine.rb:526:in `call'
puma (3.12.1) lib/puma/configuration.rb:227:in `call'
puma (3.12.1) lib/puma/server.rb:660:in `handle_request'
puma (3.12.1) lib/puma/server.rb:474:in `process_client'
puma (3.12.1) lib/puma/server.rb:334:in `block in run'
puma (3.12.1) lib/puma/thread_pool.rb:135:in `block in spawn_thread'
Started GET "/" for ::1 at 2019-08-08 08:19:42 +0700
  
ActiveRecord::NoDatabaseError (Unknown database 'daily_planner_development'):
  
activerecord (6.0.0.rc2) lib/active_record/connection_adapters/mysql2_adapter.rb:28:in `rescue in mysql2_connection'
activerecord (6.0.0.rc2) lib/active_record/connection_adapters/mysql2_adapter.rb:14:in `mysql2_connection'
activerecord (6.0.0.rc2) lib/active_record/connection_adapters/abstract/connection_pool.rb:879:in `new_connection'
activerecord (6.0.0.rc2) lib/active_record/connection_adapters/abstract/connection_pool.rb:923:in `checkout_new_connection'
activerecord (6.0.0.rc2) lib/active_record/connection_adapters/abstract/connection_pool.rb:902:in `try_to_checkout_new_connection'
activerecord (6.0.0.rc2) lib/active_record/connection_adapters/abstract/connection_pool.rb:863:in `acquire_connection'
activerecord (6.0.0.rc2) lib/active_record/connection_adapters/abstract/connection_pool.rb:587:in `checkout'
activerecord (6.0.0.rc2) lib/active_record/connection_adapters/abstract/connection_pool.rb:431:in `connection'
activerecord (6.0.0.rc2) lib/active_record/connection_adapters/abstract/connection_pool.rb:1106:in `retrieve_connection'
activerecord (6.0.0.rc2) lib/active_record/connection_handling.rb:231:in `retrieve_connection'
activerecord (6.0.0.rc2) lib/active_record/connection_handling.rb:199:in `connection'
activerecord (6.0.0.rc2) lib/active_record/migration.rb:562:in `call'
actionpack (6.0.0.rc2) lib/action_dispatch/middleware/callbacks.rb:27:in `block in call'
activesupport (6.0.0.rc2) lib/active_support/callbacks.rb:101:in `run_callbacks'
actionpack (6.0.0.rc2) lib/action_dispatch/middleware/callbacks.rb:26:in `call'
actionpack (6.0.0.rc2) lib/action_dispatch/middleware/executor.rb:14:in `call'
actionpack (6.0.0.rc2) lib/action_dispatch/middleware/actionable_exceptions.rb:17:in `call'
actionpack (6.0.0.rc2) lib/action_dispatch/middleware/debug_exceptions.rb:32:in `call'
web-console (4.0.0) lib/web_console/middleware.rb:132:in `call_app'
web-console (4.0.0) lib/web_console/middleware.rb:28:in `block in call'
web-console (4.0.0) lib/web_console/middleware.rb:17:in `catch'
web-console (4.0.0) lib/web_console/middleware.rb:17:in `call'
actionpack (6.0.0.rc2) lib/action_dispatch/middleware/show_exceptions.rb:33:in `call'
railties (6.0.0.rc2) lib/rails/rack/logger.rb:38:in `call_app'
railties (6.0.0.rc2) lib/rails/rack/logger.rb:26:in `block in call'
activesupport (6.0.0.rc2) lib/active_support/tagged_logging.rb:80:in `block in tagged'
activesupport (6.0.0.rc2) lib/active_support/tagged_logging.rb:28:in `tagged'
activesupport (6.0.0.rc2) lib/active_support/tagged_logging.rb:80:in `tagged'
railties (6.0.0.rc2) lib/rails/rack/logger.rb:26:in `call'
sprockets-rails (3.2.1) lib/sprockets/rails/quiet_assets.rb:13:in `call'
actionpack (6.0.0.rc2) lib/action_dispatch/middleware/remote_ip.rb:81:in `call'
actionpack (6.0.0.rc2) lib/action_dispatch/middleware/request_id.rb:27:in `call'
rack (2.0.7) lib/rack/method_override.rb:22:in `call'
rack (2.0.7) lib/rack/runtime.rb:22:in `call'
activesupport (6.0.0.rc2) lib/active_support/cache/strategy/local_cache_middleware.rb:29:in `call'
actionpack (6.0.0.rc2) lib/action_dispatch/middleware/executor.rb:14:in `call'
actionpack (6.0.0.rc2) lib/action_dispatch/middleware/static.rb:126:in `call'
rack (2.0.7) lib/rack/sendfile.rb:111:in `call'
actionpack (6.0.0.rc2) lib/action_dispatch/middleware/host_authorization.rb:83:in `call'
webpacker (4.0.7) lib/webpacker/dev_server_proxy.rb:29:in `perform_request'
rack-proxy (0.6.5) lib/rack/proxy.rb:57:in `call'
railties (6.0.0.rc2) lib/rails/engine.rb:526:in `call'
puma (3.12.1) lib/puma/configuration.rb:227:in `call'
puma (3.12.1) lib/puma/server.rb:660:in `handle_request'
puma (3.12.1) lib/puma/server.rb:474:in `process_client'
puma (3.12.1) lib/puma/server.rb:334:in `block in run'
puma (3.12.1) lib/puma/thread_pool.rb:135:in `block in spawn_thread'
Started GET "/" for ::1 at 2019-08-08 08:19:42 +0700
  
ActiveRecord::NoDatabaseError (Unknown database 'daily_planner_development'):
  
activerecord (6.0.0.rc2) lib/active_record/connection_adapters/mysql2_adapter.rb:28:in `rescue in mysql2_connection'
activerecord (6.0.0.rc2) lib/active_record/connection_adapters/mysql2_adapter.rb:14:in `mysql2_connection'
activerecord (6.0.0.rc2) lib/active_record/connection_adapters/abstract/connection_pool.rb:879:in `new_connection'
activerecord (6.0.0.rc2) lib/active_record/connection_adapters/abstract/connection_pool.rb:923:in `checkout_new_connection'
activerecord (6.0.0.rc2) lib/active_record/connection_adapters/abstract/connection_pool.rb:902:in `try_to_checkout_new_connection'
activerecord (6.0.0.rc2) lib/active_record/connection_adapters/abstract/connection_pool.rb:863:in `acquire_connection'
activerecord (6.0.0.rc2) lib/active_record/connection_adapters/abstract/connection_pool.rb:587:in `checkout'
activerecord (6.0.0.rc2) lib/active_record/connection_adapters/abstract/connection_pool.rb:431:in `connection'
activerecord (6.0.0.rc2) lib/active_record/connection_adapters/abstract/connection_pool.rb:1106:in `retrieve_connection'
activerecord (6.0.0.rc2) lib/active_record/connection_handling.rb:231:in `retrieve_connection'
activerecord (6.0.0.rc2) lib/active_record/connection_handling.rb:199:in `connection'
activerecord (6.0.0.rc2) lib/active_record/migration.rb:562:in `call'
actionpack (6.0.0.rc2) lib/action_dispatch/middleware/callbacks.rb:27:in `block in call'
activesupport (6.0.0.rc2) lib/active_support/callbacks.rb:101:in `run_callbacks'
actionpack (6.0.0.rc2) lib/action_dispatch/middleware/callbacks.rb:26:in `call'
actionpack (6.0.0.rc2) lib/action_dispatch/middleware/executor.rb:14:in `call'
actionpack (6.0.0.rc2) lib/action_dispatch/middleware/actionable_exceptions.rb:17:in `call'
actionpack (6.0.0.rc2) lib/action_dispatch/middleware/debug_exceptions.rb:32:in `call'
web-console (4.0.0) lib/web_console/middleware.rb:132:in `call_app'
web-console (4.0.0) lib/web_console/middleware.rb:28:in `block in call'
web-console (4.0.0) lib/web_console/middleware.rb:17:in `catch'
web-console (4.0.0) lib/web_console/middleware.rb:17:in `call'
actionpack (6.0.0.rc2) lib/action_dispatch/middleware/show_exceptions.rb:33:in `call'
railties (6.0.0.rc2) lib/rails/rack/logger.rb:38:in `call_app'
railties (6.0.0.rc2) lib/rails/rack/logger.rb:26:in `block in call'
activesupport (6.0.0.rc2) lib/active_support/tagged_logging.rb:80:in `block in tagged'
activesupport (6.0.0.rc2) lib/active_support/tagged_logging.rb:28:in `tagged'
activesupport (6.0.0.rc2) lib/active_support/tagged_logging.rb:80:in `tagged'
railties (6.0.0.rc2) lib/rails/rack/logger.rb:26:in `call'
sprockets-rails (3.2.1) lib/sprockets/rails/quiet_assets.rb:13:in `call'
actionpack (6.0.0.rc2) lib/action_dispatch/middleware/remote_ip.rb:81:in `call'
actionpack (6.0.0.rc2) lib/action_dispatch/middleware/request_id.rb:27:in `call'
rack (2.0.7) lib/rack/method_override.rb:22:in `call'
rack (2.0.7) lib/rack/runtime.rb:22:in `call'
activesupport (6.0.0.rc2) lib/active_support/cache/strategy/local_cache_middleware.rb:29:in `call'
actionpack (6.0.0.rc2) lib/action_dispatch/middleware/executor.rb:14:in `call'
actionpack (6.0.0.rc2) lib/action_dispatch/middleware/static.rb:126:in `call'
rack (2.0.7) lib/rack/sendfile.rb:111:in `call'
actionpack (6.0.0.rc2) lib/action_dispatch/middleware/host_authorization.rb:83:in `call'
webpacker (4.0.7) lib/webpacker/dev_server_proxy.rb:29:in `perform_request'
rack-proxy (0.6.5) lib/rack/proxy.rb:57:in `call'
railties (6.0.0.rc2) lib/rails/engine.rb:526:in `call'
puma (3.12.1) lib/puma/configuration.rb:227:in `call'
puma (3.12.1) lib/puma/server.rb:660:in `handle_request'
puma (3.12.1) lib/puma/server.rb:474:in `process_client'
puma (3.12.1) lib/puma/server.rb:334:in `block in run'
puma (3.12.1) lib/puma/thread_pool.rb:135:in `block in spawn_thread'
Started GET "/" for ::1 at 2019-08-08 08:19:43 +0700
  
ActiveRecord::NoDatabaseError (Unknown database 'daily_planner_development'):
  
activerecord (6.0.0.rc2) lib/active_record/connection_adapters/mysql2_adapter.rb:28:in `rescue in mysql2_connection'
activerecord (6.0.0.rc2) lib/active_record/connection_adapters/mysql2_adapter.rb:14:in `mysql2_connection'
activerecord (6.0.0.rc2) lib/active_record/connection_adapters/abstract/connection_pool.rb:879:in `new_connection'
activerecord (6.0.0.rc2) lib/active_record/connection_adapters/abstract/connection_pool.rb:923:in `checkout_new_connection'
activerecord (6.0.0.rc2) lib/active_record/connection_adapters/abstract/connection_pool.rb:902:in `try_to_checkout_new_connection'
activerecord (6.0.0.rc2) lib/active_record/connection_adapters/abstract/connection_pool.rb:863:in `acquire_connection'
activerecord (6.0.0.rc2) lib/active_record/connection_adapters/abstract/connection_pool.rb:587:in `checkout'
activerecord (6.0.0.rc2) lib/active_record/connection_adapters/abstract/connection_pool.rb:431:in `connection'
activerecord (6.0.0.rc2) lib/active_record/connection_adapters/abstract/connection_pool.rb:1106:in `retrieve_connection'
activerecord (6.0.0.rc2) lib/active_record/connection_handling.rb:231:in `retrieve_connection'
activerecord (6.0.0.rc2) lib/active_record/connection_handling.rb:199:in `connection'
activerecord (6.0.0.rc2) lib/active_record/migration.rb:562:in `call'
actionpack (6.0.0.rc2) lib/action_dispatch/middleware/callbacks.rb:27:in `block in call'
activesupport (6.0.0.rc2) lib/active_support/callbacks.rb:101:in `run_callbacks'
actionpack (6.0.0.rc2) lib/action_dispatch/middleware/callbacks.rb:26:in `call'
actionpack (6.0.0.rc2) lib/action_dispatch/middleware/executor.rb:14:in `call'
actionpack (6.0.0.rc2) lib/action_dispatch/middleware/actionable_exceptions.rb:17:in `call'
actionpack (6.0.0.rc2) lib/action_dispatch/middleware/debug_exceptions.rb:32:in `call'
web-console (4.0.0) lib/web_console/middleware.rb:132:in `call_app'
web-console (4.0.0) lib/web_console/middleware.rb:28:in `block in call'
web-console (4.0.0) lib/web_console/middleware.rb:17:in `catch'
web-console (4.0.0) lib/web_console/middleware.rb:17:in `call'
actionpack (6.0.0.rc2) lib/action_dispatch/middleware/show_exceptions.rb:33:in `call'
railties (6.0.0.rc2) lib/rails/rack/logger.rb:38:in `call_app'
railties (6.0.0.rc2) lib/rails/rack/logger.rb:26:in `block in call'
activesupport (6.0.0.rc2) lib/active_support/tagged_logging.rb:80:in `block in tagged'
activesupport (6.0.0.rc2) lib/active_support/tagged_logging.rb:28:in `tagged'
activesupport (6.0.0.rc2) lib/active_support/tagged_logging.rb:80:in `tagged'
railties (6.0.0.rc2) lib/rails/rack/logger.rb:26:in `call'
sprockets-rails (3.2.1) lib/sprockets/rails/quiet_assets.rb:13:in `call'
actionpack (6.0.0.rc2) lib/action_dispatch/middleware/remote_ip.rb:81:in `call'
actionpack (6.0.0.rc2) lib/action_dispatch/middleware/request_id.rb:27:in `call'
rack (2.0.7) lib/rack/method_override.rb:22:in `call'
rack (2.0.7) lib/rack/runtime.rb:22:in `call'
activesupport (6.0.0.rc2) lib/active_support/cache/strategy/local_cache_middleware.rb:29:in `call'
actionpack (6.0.0.rc2) lib/action_dispatch/middleware/executor.rb:14:in `call'
actionpack (6.0.0.rc2) lib/action_dispatch/middleware/static.rb:126:in `call'
rack (2.0.7) lib/rack/sendfile.rb:111:in `call'
actionpack (6.0.0.rc2) lib/action_dispatch/middleware/host_authorization.rb:83:in `call'
webpacker (4.0.7) lib/webpacker/dev_server_proxy.rb:29:in `perform_request'
rack-proxy (0.6.5) lib/rack/proxy.rb:57:in `call'
railties (6.0.0.rc2) lib/rails/engine.rb:526:in `call'
puma (3.12.1) lib/puma/configuration.rb:227:in `call'
puma (3.12.1) lib/puma/server.rb:660:in `handle_request'
puma (3.12.1) lib/puma/server.rb:474:in `process_client'
puma (3.12.1) lib/puma/server.rb:334:in `block in run'
puma (3.12.1) lib/puma/thread_pool.rb:135:in `block in spawn_thread'
Started GET "/" for ::1 at 2019-08-08 08:19:43 +0700
  
ActiveRecord::NoDatabaseError (Unknown database 'daily_planner_development'):
  
activerecord (6.0.0.rc2) lib/active_record/connection_adapters/mysql2_adapter.rb:28:in `rescue in mysql2_connection'
activerecord (6.0.0.rc2) lib/active_record/connection_adapters/mysql2_adapter.rb:14:in `mysql2_connection'
activerecord (6.0.0.rc2) lib/active_record/connection_adapters/abstract/connection_pool.rb:879:in `new_connection'
activerecord (6.0.0.rc2) lib/active_record/connection_adapters/abstract/connection_pool.rb:923:in `checkout_new_connection'
activerecord (6.0.0.rc2) lib/active_record/connection_adapters/abstract/connection_pool.rb:902:in `try_to_checkout_new_connection'
activerecord (6.0.0.rc2) lib/active_record/connection_adapters/abstract/connection_pool.rb:863:in `acquire_connection'
activerecord (6.0.0.rc2) lib/active_record/connection_adapters/abstract/connection_pool.rb:587:in `checkout'
activerecord (6.0.0.rc2) lib/active_record/connection_adapters/abstract/connection_pool.rb:431:in `connection'
activerecord (6.0.0.rc2) lib/active_record/connection_adapters/abstract/connection_pool.rb:1106:in `retrieve_connection'
activerecord (6.0.0.rc2) lib/active_record/connection_handling.rb:231:in `retrieve_connection'
activerecord (6.0.0.rc2) lib/active_record/connection_handling.rb:199:in `connection'
activerecord (6.0.0.rc2) lib/active_record/migration.rb:562:in `call'
actionpack (6.0.0.rc2) lib/action_dispatch/middleware/callbacks.rb:27:in `block in call'
activesupport (6.0.0.rc2) lib/active_support/callbacks.rb:101:in `run_callbacks'
actionpack (6.0.0.rc2) lib/action_dispatch/middleware/callbacks.rb:26:in `call'
actionpack (6.0.0.rc2) lib/action_dispatch/middleware/executor.rb:14:in `call'
actionpack (6.0.0.rc2) lib/action_dispatch/middleware/actionable_exceptions.rb:17:in `call'
actionpack (6.0.0.rc2) lib/action_dispatch/middleware/debug_exceptions.rb:32:in `call'
web-console (4.0.0) lib/web_console/middleware.rb:132:in `call_app'
web-console (4.0.0) lib/web_console/middleware.rb:28:in `block in call'
web-console (4.0.0) lib/web_console/middleware.rb:17:in `catch'
web-console (4.0.0) lib/web_console/middleware.rb:17:in `call'
actionpack (6.0.0.rc2) lib/action_dispatch/middleware/show_exceptions.rb:33:in `call'
railties (6.0.0.rc2) lib/rails/rack/logger.rb:38:in `call_app'
railties (6.0.0.rc2) lib/rails/rack/logger.rb:26:in `block in call'
activesupport (6.0.0.rc2) lib/active_support/tagged_logging.rb:80:in `block in tagged'
activesupport (6.0.0.rc2) lib/active_support/tagged_logging.rb:28:in `tagged'
activesupport (6.0.0.rc2) lib/active_support/tagged_logging.rb:80:in `tagged'
railties (6.0.0.rc2) lib/rails/rack/logger.rb:26:in `call'
sprockets-rails (3.2.1) lib/sprockets/rails/quiet_assets.rb:13:in `call'
actionpack (6.0.0.rc2) lib/action_dispatch/middleware/remote_ip.rb:81:in `call'
actionpack (6.0.0.rc2) lib/action_dispatch/middleware/request_id.rb:27:in `call'
rack (2.0.7) lib/rack/method_override.rb:22:in `call'
rack (2.0.7) lib/rack/runtime.rb:22:in `call'
activesupport (6.0.0.rc2) lib/active_support/cache/strategy/local_cache_middleware.rb:29:in `call'
actionpack (6.0.0.rc2) lib/action_dispatch/middleware/executor.rb:14:in `call'
actionpack (6.0.0.rc2) lib/action_dispatch/middleware/static.rb:126:in `call'
rack (2.0.7) lib/rack/sendfile.rb:111:in `call'
actionpack (6.0.0.rc2) lib/action_dispatch/middleware/host_authorization.rb:83:in `call'
webpacker (4.0.7) lib/webpacker/dev_server_proxy.rb:29:in `perform_request'
rack-proxy (0.6.5) lib/rack/proxy.rb:57:in `call'
railties (6.0.0.rc2) lib/rails/engine.rb:526:in `call'
puma (3.12.1) lib/puma/configuration.rb:227:in `call'
puma (3.12.1) lib/puma/server.rb:660:in `handle_request'
puma (3.12.1) lib/puma/server.rb:474:in `process_client'
puma (3.12.1) lib/puma/server.rb:334:in `block in run'
puma (3.12.1) lib/puma/thread_pool.rb:135:in `block in spawn_thread'
Started GET "/" for ::1 at 2019-08-08 08:24:43 +0700
  
ActiveRecord::NoDatabaseError (Unknown database 'daily_planner_development'):
  
activerecord (6.0.0.rc2) lib/active_record/connection_adapters/mysql2_adapter.rb:28:in `rescue in mysql2_connection'
activerecord (6.0.0.rc2) lib/active_record/connection_adapters/mysql2_adapter.rb:14:in `mysql2_connection'
activerecord (6.0.0.rc2) lib/active_record/connection_adapters/abstract/connection_pool.rb:879:in `new_connection'
activerecord (6.0.0.rc2) lib/active_record/connection_adapters/abstract/connection_pool.rb:923:in `checkout_new_connection'
activerecord (6.0.0.rc2) lib/active_record/connection_adapters/abstract/connection_pool.rb:902:in `try_to_checkout_new_connection'
activerecord (6.0.0.rc2) lib/active_record/connection_adapters/abstract/connection_pool.rb:863:in `acquire_connection'
activerecord (6.0.0.rc2) lib/active_record/connection_adapters/abstract/connection_pool.rb:587:in `checkout'
activerecord (6.0.0.rc2) lib/active_record/connection_adapters/abstract/connection_pool.rb:431:in `connection'
activerecord (6.0.0.rc2) lib/active_record/connection_adapters/abstract/connection_pool.rb:1106:in `retrieve_connection'
activerecord (6.0.0.rc2) lib/active_record/connection_handling.rb:231:in `retrieve_connection'
activerecord (6.0.0.rc2) lib/active_record/connection_handling.rb:199:in `connection'
activerecord (6.0.0.rc2) lib/active_record/migration.rb:562:in `call'
actionpack (6.0.0.rc2) lib/action_dispatch/middleware/callbacks.rb:27:in `block in call'
activesupport (6.0.0.rc2) lib/active_support/callbacks.rb:101:in `run_callbacks'
actionpack (6.0.0.rc2) lib/action_dispatch/middleware/callbacks.rb:26:in `call'
actionpack (6.0.0.rc2) lib/action_dispatch/middleware/executor.rb:14:in `call'
actionpack (6.0.0.rc2) lib/action_dispatch/middleware/actionable_exceptions.rb:17:in `call'
actionpack (6.0.0.rc2) lib/action_dispatch/middleware/debug_exceptions.rb:32:in `call'
web-console (4.0.0) lib/web_console/middleware.rb:132:in `call_app'
web-console (4.0.0) lib/web_console/middleware.rb:28:in `block in call'
web-console (4.0.0) lib/web_console/middleware.rb:17:in `catch'
web-console (4.0.0) lib/web_console/middleware.rb:17:in `call'
actionpack (6.0.0.rc2) lib/action_dispatch/middleware/show_exceptions.rb:33:in `call'
railties (6.0.0.rc2) lib/rails/rack/logger.rb:38:in `call_app'
railties (6.0.0.rc2) lib/rails/rack/logger.rb:26:in `block in call'
activesupport (6.0.0.rc2) lib/active_support/tagged_logging.rb:80:in `block in tagged'
activesupport (6.0.0.rc2) lib/active_support/tagged_logging.rb:28:in `tagged'
activesupport (6.0.0.rc2) lib/active_support/tagged_logging.rb:80:in `tagged'
railties (6.0.0.rc2) lib/rails/rack/logger.rb:26:in `call'
sprockets-rails (3.2.1) lib/sprockets/rails/quiet_assets.rb:13:in `call'
actionpack (6.0.0.rc2) lib/action_dispatch/middleware/remote_ip.rb:81:in `call'
actionpack (6.0.0.rc2) lib/action_dispatch/middleware/request_id.rb:27:in `call'
rack (2.0.7) lib/rack/method_override.rb:22:in `call'
rack (2.0.7) lib/rack/runtime.rb:22:in `call'
activesupport (6.0.0.rc2) lib/active_support/cache/strategy/local_cache_middleware.rb:29:in `call'
actionpack (6.0.0.rc2) lib/action_dispatch/middleware/executor.rb:14:in `call'
actionpack (6.0.0.rc2) lib/action_dispatch/middleware/static.rb:126:in `call'
rack (2.0.7) lib/rack/sendfile.rb:111:in `call'
actionpack (6.0.0.rc2) lib/action_dispatch/middleware/host_authorization.rb:83:in `call'
webpacker (4.0.7) lib/webpacker/dev_server_proxy.rb:29:in `perform_request'
rack-proxy (0.6.5) lib/rack/proxy.rb:57:in `call'
railties (6.0.0.rc2) lib/rails/engine.rb:526:in `call'
puma (3.12.1) lib/puma/configuration.rb:227:in `call'
puma (3.12.1) lib/puma/server.rb:660:in `handle_request'
puma (3.12.1) lib/puma/server.rb:474:in `process_client'
puma (3.12.1) lib/puma/server.rb:334:in `block in run'
puma (3.12.1) lib/puma/thread_pool.rb:135:in `block in spawn_thread'
Started POST "/__web_console/repl_sessions/ab4fe9ac275163f194ca9e61ff9abc95/trace" for ::1 at 2019-08-08 08:24:46 +0700
Started GET "/gen204?invalidResponse=q=https%3A%2F%2Ftranslate.googleapis.com%2Ftranslate_a%2Fsingle%3Fclient%3Dgtx%26s,ql=158,r=,rl=0" for ::1 at 2019-08-08 08:26:53 +0700
  
ActiveRecord::NoDatabaseError (Unknown database 'daily_planner_development'):
  
activerecord (6.0.0.rc2) lib/active_record/connection_adapters/mysql2_adapter.rb:28:in `rescue in mysql2_connection'
activerecord (6.0.0.rc2) lib/active_record/connection_adapters/mysql2_adapter.rb:14:in `mysql2_connection'
activerecord (6.0.0.rc2) lib/active_record/connection_adapters/abstract/connection_pool.rb:879:in `new_connection'
activerecord (6.0.0.rc2) lib/active_record/connection_adapters/abstract/connection_pool.rb:923:in `checkout_new_connection'
activerecord (6.0.0.rc2) lib/active_record/connection_adapters/abstract/connection_pool.rb:902:in `try_to_checkout_new_connection'
activerecord (6.0.0.rc2) lib/active_record/connection_adapters/abstract/connection_pool.rb:863:in `acquire_connection'
activerecord (6.0.0.rc2) lib/active_record/connection_adapters/abstract/connection_pool.rb:587:in `checkout'
activerecord (6.0.0.rc2) lib/active_record/connection_adapters/abstract/connection_pool.rb:431:in `connection'
activerecord (6.0.0.rc2) lib/active_record/connection_adapters/abstract/connection_pool.rb:1106:in `retrieve_connection'
activerecord (6.0.0.rc2) lib/active_record/connection_handling.rb:231:in `retrieve_connection'
activerecord (6.0.0.rc2) lib/active_record/connection_handling.rb:199:in `connection'
activerecord (6.0.0.rc2) lib/active_record/migration.rb:562:in `call'
actionpack (6.0.0.rc2) lib/action_dispatch/middleware/callbacks.rb:27:in `block in call'
activesupport (6.0.0.rc2) lib/active_support/callbacks.rb:101:in `run_callbacks'
actionpack (6.0.0.rc2) lib/action_dispatch/middleware/callbacks.rb:26:in `call'
actionpack (6.0.0.rc2) lib/action_dispatch/middleware/executor.rb:14:in `call'
actionpack (6.0.0.rc2) lib/action_dispatch/middleware/actionable_exceptions.rb:17:in `call'
actionpack (6.0.0.rc2) lib/action_dispatch/middleware/debug_exceptions.rb:32:in `call'
web-console (4.0.0) lib/web_console/middleware.rb:132:in `call_app'
web-console (4.0.0) lib/web_console/middleware.rb:28:in `block in call'
web-console (4.0.0) lib/web_console/middleware.rb:17:in `catch'
web-console (4.0.0) lib/web_console/middleware.rb:17:in `call'
actionpack (6.0.0.rc2) lib/action_dispatch/middleware/show_exceptions.rb:33:in `call'
railties (6.0.0.rc2) lib/rails/rack/logger.rb:38:in `call_app'
railties (6.0.0.rc2) lib/rails/rack/logger.rb:26:in `block in call'
activesupport (6.0.0.rc2) lib/active_support/tagged_logging.rb:80:in `block in tagged'
activesupport (6.0.0.rc2) lib/active_support/tagged_logging.rb:28:in `tagged'
activesupport (6.0.0.rc2) lib/active_support/tagged_logging.rb:80:in `tagged'
railties (6.0.0.rc2) lib/rails/rack/logger.rb:26:in `call'
sprockets-rails (3.2.1) lib/sprockets/rails/quiet_assets.rb:13:in `call'
actionpack (6.0.0.rc2) lib/action_dispatch/middleware/remote_ip.rb:81:in `call'
actionpack (6.0.0.rc2) lib/action_dispatch/middleware/request_id.rb:27:in `call'
rack (2.0.7) lib/rack/method_override.rb:22:in `call'
rack (2.0.7) lib/rack/runtime.rb:22:in `call'
activesupport (6.0.0.rc2) lib/active_support/cache/strategy/local_cache_middleware.rb:29:in `call'
actionpack (6.0.0.rc2) lib/action_dispatch/middleware/executor.rb:14:in `call'
actionpack (6.0.0.rc2) lib/action_dispatch/middleware/static.rb:126:in `call'
rack (2.0.7) lib/rack/sendfile.rb:111:in `call'
actionpack (6.0.0.rc2) lib/action_dispatch/middleware/host_authorization.rb:83:in `call'
webpacker (4.0.7) lib/webpacker/dev_server_proxy.rb:29:in `perform_request'
rack-proxy (0.6.5) lib/rack/proxy.rb:57:in `call'
railties (6.0.0.rc2) lib/rails/engine.rb:526:in `call'
puma (3.12.1) lib/puma/configuration.rb:227:in `call'
puma (3.12.1) lib/puma/server.rb:660:in `handle_request'
puma (3.12.1) lib/puma/server.rb:474:in `process_client'
puma (3.12.1) lib/puma/server.rb:334:in `block in run'
puma (3.12.1) lib/puma/thread_pool.rb:135:in `block in spawn_thread'
  [1m[35m (3.8ms)[0m  [1m[35mSET NAMES utf8,  @@SESSION.sql_mode = CONCAT(CONCAT(@@sql_mode, ',STRICT_ALL_TABLES'), ',NO_AUTO_VALUE_ON_ZERO'),  @@SESSION.sql_auto_is_null = 0, @@SESSION.wait_timeout = 2147483[0m
  [1m[35m (18.8ms)[0m  [1m[35mCREATE DATABASE `daily_planner_development` DEFAULT CHARACTER SET `utf8`[0m
  [1m[35m (0.4ms)[0m  [1m[35mSET NAMES utf8,  @@SESSION.sql_mode = CONCAT(CONCAT(@@sql_mode, ',STRICT_ALL_TABLES'), ',NO_AUTO_VALUE_ON_ZERO'),  @@SESSION.sql_auto_is_null = 0, @@SESSION.wait_timeout = 2147483[0m
  [1m[35m (1.9ms)[0m  [1m[35mCREATE DATABASE `daily_planner_test` DEFAULT CHARACTER SET `utf8`[0m
Started GET "/" for ::1 at 2019-08-08 08:27:34 +0700
  [1m[35m (0.5ms)[0m  [1m[35mSET NAMES utf8,  @@SESSION.sql_mode = CONCAT(CONCAT(@@sql_mode, ',STRICT_ALL_TABLES'), ',NO_AUTO_VALUE_ON_ZERO'),  @@SESSION.sql_auto_is_null = 0, @@SESSION.wait_timeout = 2147483[0m
Processing by Rails::WelcomeController#index as HTML
  Rendering /Users/dungluu/.rvm/gems/ruby-2.6.3/gems/railties-6.0.0.rc2/lib/rails/templates/rails/welcome/index.html.erb
  Rendered /Users/dungluu/.rvm/gems/ruby-2.6.3/gems/railties-6.0.0.rc2/lib/rails/templates/rails/welcome/index.html.erb (Duration: 20.2ms | Allocations: 197)
Completed 200 OK in 28ms (Views: 21.1ms | ActiveRecord: 0.0ms | Allocations: 1000)


Started GET "/" for ::1 at 2019-08-08 08:29:18 +0700
Processing by Rails::WelcomeController#index as HTML
  Rendering /Users/dungluu/.rvm/gems/ruby-2.6.3/gems/railties-6.0.0.rc2/lib/rails/templates/rails/welcome/index.html.erb
  Rendered /Users/dungluu/.rvm/gems/ruby-2.6.3/gems/railties-6.0.0.rc2/lib/rails/templates/rails/welcome/index.html.erb (Duration: 6.2ms | Allocations: 196)
Completed 200 OK in 25ms (Views: 24.0ms | ActiveRecord: 0.0ms | Allocations: 829)


  [1m[35m (0.8ms)[0m  [1m[35mSET NAMES utf8,  @@SESSION.sql_mode = CONCAT(CONCAT(@@sql_mode, ',STRICT_ALL_TABLES'), ',NO_AUTO_VALUE_ON_ZERO'),  @@SESSION.sql_auto_is_null = 0, @@SESSION.wait_timeout = 2147483[0m
Started GET "/" for ::1 at 2019-08-08 08:35:20 +0700
  [1m[35m (0.3ms)[0m  [1m[35mSET NAMES utf8,  @@SESSION.sql_mode = CONCAT(CONCAT(@@sql_mode, ',STRICT_ALL_TABLES'), ',NO_AUTO_VALUE_ON_ZERO'),  @@SESSION.sql_auto_is_null = 0, @@SESSION.wait_timeout = 2147483[0m
Processing by Rails::WelcomeController#index as HTML
  Rendering /Users/dungluu/.rvm/gems/ruby-2.6.3/gems/railties-6.0.0.rc2/lib/rails/templates/rails/welcome/index.html.erb
  Rendered /Users/dungluu/.rvm/gems/ruby-2.6.3/gems/railties-6.0.0.rc2/lib/rails/templates/rails/welcome/index.html.erb (Duration: 0.3ms | Allocations: 7)
Completed 200 OK in 1ms (Views: 0.8ms | ActiveRecord: 0.0ms | Allocations: 328)


